  WikipediaParser3.cpp
F:\_AugmentedIntelligence\Wikis2SQL\WikipediaParser3\WikipediaParser3\WikipediaParser3.cpp(26,16): warning C4101: 'result': unreferenced local variable
F:\_AugmentedIntelligence\Wikis2SQL\WikipediaParser3\WikipediaParser3\WikipediaParser3.cpp(25,15): warning C4101: 'row': unreferenced local variable
F:\_AugmentedIntelligence\Wikis2SQL\WikipediaParser3\WikipediaParser3\WikipediaParser3.cpp(77,16): warning C4101: 'result': unreferenced local variable
F:\_AugmentedIntelligence\Wikis2SQL\WikipediaParser3\WikipediaParser3\WikipediaParser3.cpp(76,15): warning C4101: 'row': unreferenced local variable
F:\_AugmentedIntelligence\Wikis2SQL\WikipediaParser3\WikipediaParser3\WikipediaParser3.cpp(280,13): warning C4267: 'initializing': conversion from 'size_t' to 'int', possible loss of data
F:\_AugmentedIntelligence\Wikis2SQL\WikipediaParser3\WikipediaParser3\WikipediaParser3.cpp(405,16): warning C4101: 'result': unreferenced local variable
F:\_AugmentedIntelligence\Wikis2SQL\WikipediaParser3\WikipediaParser3\WikipediaParser3.cpp(406,15): warning C4101: 'row': unreferenced local variable
F:\_AugmentedIntelligence\Wikis2SQL\WikipediaParser3\WikipediaParser3\WikipediaParser3.cpp(499,17): warning C4267: 'initializing': conversion from 'size_t' to 'int', possible loss of data
C:\Program Files\Microsoft Visual Studio\2022\Community\VC\Tools\MSVC\14.33.31629\include\xstring(2824,53): warning C4244: 'argument': conversion from 'wchar_t' to 'const _Elem', possible loss of data
          with
          [
              _Elem=char
          ]
C:\Program Files\Microsoft Visual Studio\2022\Community\VC\Tools\MSVC\14.33.31629\include\xstring(2664): message : see reference to function template instantiation 'void std::basic_string<char,std::char_traits<char>,std::allocator<char>>::_Construct_from_iter<wchar_t*>(_Iter,const _Iter)' being compiled
          with
          [
              _Iter=wchar_t *
          ]
C:\Program Files\Microsoft Visual Studio\2022\Community\VC\Tools\MSVC\14.33.31629\include\xstring(2664): message : see reference to function template instantiation 'void std::basic_string<char,std::char_traits<char>,std::allocator<char>>::_Construct_from_iter<wchar_t*>(_Iter,const _Iter)' being compiled
          with
          [
              _Iter=wchar_t *
          ]
F:\_AugmentedIntelligence\Wikis2SQL\WikipediaParser3\WikipediaParser3\WikipediaParser3.cpp(432): message : see reference to function template instantiation 'std::basic_string<char,std::char_traits<char>,std::allocator<char>>::basic_string<std::_String_iterator<std::_String_val<std::_Simple_types<_Elem>>>,0>(_Iter,_Iter,const _Alloc &)' being compiled
          with
          [
              _Elem=wchar_t,
              _Iter=std::_String_iterator<std::_String_val<std::_Simple_types<wchar_t>>>,
              _Alloc=std::allocator<char>
          ]
F:\_AugmentedIntelligence\Wikis2SQL\WikipediaParser3\WikipediaParser3\WikipediaParser3.cpp(432): message : see reference to function template instantiation 'std::basic_string<char,std::char_traits<char>,std::allocator<char>>::basic_string<std::_String_iterator<std::_String_val<std::_Simple_types<_Elem>>>,0>(_Iter,_Iter,const _Alloc &)' being compiled
          with
          [
              _Elem=wchar_t,
              _Iter=std::_String_iterator<std::_String_val<std::_Simple_types<wchar_t>>>,
              _Alloc=std::allocator<char>
          ]
  Generating code
  Previous IPDB was built with incompatible compiler, fall back to full compilation.
  All 602 functions were compiled because no usable IPDB/IOBJ from previous compilation was found.
  Finished generating code
  WikipediaParser3.vcxproj -> F:\_AugmentedIntelligence\Wikis2SQL\WikipediaParser3\WikipediaParser3\x64\Release\WikipediaParser3.exe
